  Compiling CUDA source file kernel.cu...
  
  C:\Users\acer\source\repos\graphic_vs_2019\graphic_vs_2019>"C:\Program Files\NVIDIA GPU Computing Toolkit\CUDA\v11.0\bin\nvcc.exe" -gencode=arch=compute_61,code=\"sm_61,compute_61\" --use-local-env -ccbin "C:\Program Files (x86)\Microsoft Visual Studio\2019\Community\VC\Tools\MSVC\14.26.28801\bin\HostX86\x64" -x cu   -I"C:\Program Files\NVIDIA GPU Computing Toolkit\CUDA\v11.0\include" -I"C:\Program Files\NVIDIA GPU Computing Toolkit\CUDA\v11.0\include"  -G   --keep-dir x64\Debug -maxrregcount=0  --machine 64 --compile -cudart static  -g  -use_fast_math -DWIN32 -DWIN64 -D_DEBUG -D_CONSOLE -D_MBCS -Xcompiler "/EHsc /Wall /nologo /Od /Fdx64\Debug\vc142.pdb /FS /Zi  /MDd /GR-" -o x64\Debug\kernel.cu.obj "C:\Users\acer\source\repos\graphic_vs_2019\graphic_vs_2019\kernel.cu" 
C:\Program Files\NVIDIA GPU Computing Toolkit\CUDA\v11.0\include\crt/host_config.h(104): warning C4668: "__NV_NO_HOST_COMPILER_CHECK" не задано как макроопределение препроцессора, замена на "0" для "#if/#elif"
C:\Program Files\NVIDIA GPU Computing Toolkit\CUDA\v11.0\include\crt/host_config.h(250): warning C4668: "__CUDACC_RTC__" не задано как макроопределение препроцессора, замена на "0" для "#if/#elif"
C:\Program Files\NVIDIA GPU Computing Toolkit\CUDA\v11.0\include\crt/common_functions.h(260): warning C4668: "__cpp_aligned_new" не задано как макроопределение препроцессора, замена на "0" для "#if/#elif"
C:/Users/acer/source/repos/graphic_vs_2019/graphic_vs_2019/kernel.cu(4): warning C4005: __CUDACC__: шчьхэхэшх ьръЁююяЁхфхыхэш
C:\Program Files (x86)\Windows Kits\10\Include\10.0.18362.0\um\winnt.h(329): warning C4668: "_M_HYBRID" не задано как макроопределение препроцессора, замена на "0" для "#if/#elif"
C:\Program Files (x86)\Windows Kits\10\Include\10.0.18362.0\um\winnt.h(337): warning C4668: "_M_HYBRID" не задано как макроопределение препроцессора, замена на "0" для "#if/#elif"
C:\Program Files (x86)\Windows Kits\10\Include\10.0.18362.0\um\winnt.h(13184): warning C4668: "_WIN32_WINNT_WIN10_RS3" не задано как макроопределение препроцессора, замена на "0" для "#if/#elif"
C:\Program Files (x86)\Windows Kits\10\Include\10.0.18362.0\um\winnt.h(13624): warning C4668: "_WIN32_WINNT_WIN10_RS5" не задано как макроопределение препроцессора, замена на "0" для "#if/#elif"
C:\Program Files (x86)\Windows Kits\10\Include\10.0.18362.0\um\winnt.h(13750): warning C4668: "_WIN32_WINNT_WIN10_RS5" не задано как макроопределение препроцессора, замена на "0" для "#if/#elif"
C:\Program Files (x86)\Windows Kits\10\Include\10.0.18362.0\um\minwinbase.h(207): warning C4668: "_WIN32_WINNT_WIN10_RS1" не задано как макроопределение препроцессора, замена на "0" для "#if/#elif"
C:\Program Files (x86)\Windows Kits\10\Include\10.0.18362.0\um\synchapi.h(679): warning C4668: "_NT_TARGET_VERSION_WIN10_RS4" не задано как макроопределение препроцессора, замена на "0" для "#if/#elif"
C:\Program Files (x86)\Windows Kits\10\Include\10.0.18362.0\um\processthreadsapi.h(1022): warning C4668: "_WIN32_WINNT_WIN10_RS3" не задано как макроопределение препроцессора, замена на "0" для "#if/#elif"
C:\Program Files (x86)\Windows Kits\10\Include\10.0.18362.0\um\winbase.h(8616): warning C4668: "_WIN32_WINNT_WIN10_RS1" не задано как макроопределение препроцессора, замена на "0" для "#if/#elif"
C:\Program Files (x86)\Windows Kits\10\Include\10.0.18362.0\um\winbase.h(8621): warning C4668: "_WIN32_WINNT_WIN10_RS3" не задано как макроопределение препроцессора, замена на "0" для "#if/#elif"
C:\Program Files (x86)\Windows Kits\10\Include\10.0.18362.0\um\winbase.h(8626): warning C4668: "_WIN32_WINNT_WIN10_RS1" не задано как макроопределение препроцессора, замена на "0" для "#if/#elif"
C:\Program Files (x86)\Windows Kits\10\Include\10.0.18362.0\um\winbase.h(8673): warning C4668: "_WIN32_WINNT_WIN10_RS1" не задано как макроопределение препроцессора, замена на "0" для "#if/#elif"
C:\Program Files (x86)\Windows Kits\10\Include\10.0.18362.0\um\winbase.h(8679): warning C4668: "_WIN32_WINNT_WIN10_RS5" не задано как макроопределение препроцессора, замена на "0" для "#if/#elif"
C:\Program Files (x86)\Windows Kits\10\Include\10.0.18362.0\um\winbase.h(9073): warning C4668: "NTDDI_WIN7SP1" не задано как макроопределение препроцессора, замена на "0" для "#if/#elif"
C:\Program Files (x86)\Windows Kits\10\Include\10.0.18362.0\um\wincrypt.h(1081): warning C4668: "WINAPI_PARTITION_PHONE_RESTRICTED" не задано как макроопределение препроцессора, замена на "0" для "#if/#elif"
C:\Program Files (x86)\Windows Kits\10\Include\10.0.18362.0\um\wincrypt.h(1127): warning C4668: "WINAPI_PARTITION_PHONE_RESTRICTED" не задано как макроопределение препроцессора, замена на "0" для "#if/#elif"
C:\Program Files (x86)\Windows Kits\10\Include\10.0.18362.0\um\wincrypt.h(1539): warning C4668: "WINAPI_PARTITION_PHONE_RESTRICTED" не задано как макроопределение препроцессора, замена на "0" для "#if/#elif"
C:\Program Files (x86)\Windows Kits\10\Include\10.0.18362.0\um\wincrypt.h(1562): warning C4668: "WINAPI_PARTITION_PHONE_RESTRICTED" не задано как макроопределение препроцессора, замена на "0" для "#if/#elif"
C:\Program Files (x86)\Windows Kits\10\Include\10.0.18362.0\um\wincrypt.h(6001): warning C4668: "WINAPI_PARTITION_PHONE_RESTRICTED" не задано как макроопределение препроцессора, замена на "0" для "#if/#elif"
C:\Program Files (x86)\Windows Kits\10\Include\10.0.18362.0\um\wincrypt.h(6398): warning C4668: "WINAPI_PARTITION_PHONE_RESTRICTED" не задано как макроопределение препроцессора, замена на "0" для "#if/#elif"
C:\Program Files (x86)\Windows Kits\10\Include\10.0.18362.0\um\wincrypt.h(11617): warning C4668: "WINAPI_PARTITION_PHONE_RESTRICTED" не задано как макроопределение препроцессора, замена на "0" для "#if/#elif"
C:\Program Files (x86)\Windows Kits\10\Include\10.0.18362.0\um\wincrypt.h(13136): warning C4668: "WINAPI_PARTITION_PHONE_RESTRICTED" не задано как макроопределение препроцессора, замена на "0" для "#if/#elif"
C:\Program Files (x86)\Windows Kits\10\Include\10.0.18362.0\um\wincrypt.h(13457): warning C4668: "WINAPI_PARTITION_PHONE_RESTRICTED" не задано как макроопределение препроцессора, замена на "0" для "#if/#elif"
C:\Program Files (x86)\Windows Kits\10\Include\10.0.18362.0\um\wincrypt.h(13569): warning C4668: "WINAPI_PARTITION_PHONE_RESTRICTED" не задано как макроопределение препроцессора, замена на "0" для "#if/#elif"
C:\Program Files (x86)\Windows Kits\10\Include\10.0.18362.0\um\wincrypt.h(13711): warning C4668: "WINAPI_PARTITION_PHONE_RESTRICTED" не задано как макроопределение препроцессора, замена на "0" для "#if/#elif"
C:\Program Files (x86)\Windows Kits\10\Include\10.0.18362.0\um\wincrypt.h(13914): warning C4668: "WINAPI_PARTITION_PHONE_RESTRICTED" не задано как макроопределение препроцессора, замена на "0" для "#if/#elif"
C:\Program Files (x86)\Windows Kits\10\Include\10.0.18362.0\um\wincrypt.h(14123): warning C4668: "WINAPI_PARTITION_PHONE_RESTRICTED" не задано как макроопределение препроцессора, замена на "0" для "#if/#elif"
C:\Program Files (x86)\Windows Kits\10\Include\10.0.18362.0\um\wincrypt.h(14193): warning C4668: "WINAPI_PARTITION_PHONE_RESTRICTED" не задано как макроопределение препроцессора, замена на "0" для "#if/#elif"
C:\Program Files (x86)\Windows Kits\10\Include\10.0.18362.0\um\wincrypt.h(14345): warning C4668: "WINAPI_PARTITION_PHONE_RESTRICTED" не задано как макроопределение препроцессора, замена на "0" для "#if/#elif"
C:\Program Files (x86)\Windows Kits\10\Include\10.0.18362.0\um\wincrypt.h(14444): warning C4668: "WINAPI_PARTITION_PHONE_RESTRICTED" не задано как макроопределение препроцессора, замена на "0" для "#if/#elif"
C:\Program Files (x86)\Windows Kits\10\Include\10.0.18362.0\um\wincrypt.h(14593): warning C4668: "WINAPI_PARTITION_PHONE_RESTRICTED" не задано как макроопределение препроцессора, замена на "0" для "#if/#elif"
C:\Program Files (x86)\Windows Kits\10\Include\10.0.18362.0\um\wincrypt.h(14737): warning C4668: "WINAPI_PARTITION_PHONE_RESTRICTED" не задано как макроопределение препроцессора, замена на "0" для "#if/#elif"
C:\Program Files (x86)\Windows Kits\10\Include\10.0.18362.0\um\wincrypt.h(15056): warning C4668: "WINAPI_PARTITION_PHONE_RESTRICTED" не задано как макроопределение препроцессора, замена на "0" для "#if/#elif"
C:\Program Files (x86)\Windows Kits\10\Include\10.0.18362.0\um\wincrypt.h(15172): warning C4668: "WINAPI_PARTITION_PHONE_RESTRICTED" не задано как макроопределение препроцессора, замена на "0" для "#if/#elif"
C:\Program Files (x86)\Windows Kits\10\Include\10.0.18362.0\um\wincrypt.h(15299): warning C4668: "WINAPI_PARTITION_PHONE_RESTRICTED" не задано как макроопределение препроцессора, замена на "0" для "#if/#elif"
C:\Program Files (x86)\Windows Kits\10\Include\10.0.18362.0\um\wincrypt.h(16192): warning C4668: "WINAPI_PARTITION_PHONE_RESTRICTED" не задано как макроопределение препроцессора, замена на "0" для "#if/#elif"
C:\Program Files (x86)\Windows Kits\10\Include\10.0.18362.0\um\wincrypt.h(16646): warning C4668: "WINAPI_PARTITION_PHONE_RESTRICTED" не задано как макроопределение препроцессора, замена на "0" для "#if/#elif"
C:\Program Files (x86)\Windows Kits\10\Include\10.0.18362.0\um\wincrypt.h(16996): warning C4668: "WINAPI_PARTITION_PHONE_RESTRICTED" не задано как макроопределение препроцессора, замена на "0" для "#if/#elif"
C:\Program Files (x86)\Windows Kits\10\Include\10.0.18362.0\um\wincrypt.h(17499): warning C4668: "WINAPI_PARTITION_PHONE_RESTRICTED" не задано как макроопределение препроцессора, замена на "0" для "#if/#elif"
C:\Program Files (x86)\Windows Kits\10\Include\10.0.18362.0\um\wincrypt.h(17584): warning C4668: "WINAPI_PARTITION_PHONE_RESTRICTED" не задано как макроопределение препроцессора, замена на "0" для "#if/#elif"
C:\Program Files (x86)\Windows Kits\10\Include\10.0.18362.0\um\wincrypt.h(17632): warning C4668: "WINAPI_PARTITION_PHONE_RESTRICTED" не задано как макроопределение препроцессора, замена на "0" для "#if/#elif"
C:\Program Files (x86)\Windows Kits\10\Include\10.0.18362.0\um\wincrypt.h(17806): warning C4668: "WINAPI_PARTITION_PHONE_RESTRICTED" не задано как макроопределение препроцессора, замена на "0" для "#if/#elif"
C:\Program Files (x86)\Windows Kits\10\Include\10.0.18362.0\um\wincrypt.h(18014): warning C4668: "WINAPI_PARTITION_PHONE_RESTRICTED" не задано как макроопределение препроцессора, замена на "0" для "#if/#elif"
C:\Program Files (x86)\Windows Kits\10\Include\10.0.18362.0\um\wincrypt.h(19809): warning C4668: "WINAPI_PARTITION_PHONE_RESTRICTED" не задано как макроопределение препроцессора, замена на "0" для "#if/#elif"
C:\Program Files (x86)\Windows Kits\10\Include\10.0.18362.0\um\wincrypt.h(20908): warning C4668: "WINAPI_PARTITION_PHONE_RESTRICTED" не задано как макроопределение препроцессора, замена на "0" для "#if/#elif"
C:\Program Files (x86)\Windows Kits\10\Include\10.0.18362.0\um\wincrypt.h(21538): warning C4668: "WINAPI_PARTITION_PHONE_RESTRICTED" не задано как макроопределение препроцессора, замена на "0" для "#if/#elif"
C:\Program Files (x86)\Windows Kits\10\Include\10.0.18362.0\um\winioctl.h(10229): warning C4668: "_WIN32_WINNT_WIN10_TH2" не задано как макроопределение препроцессора, замена на "0" для "#if/#elif"
C:\Program Files (x86)\Windows Kits\10\Include\10.0.18362.0\um\winioctl.h(10235): warning C4668: "_WIN32_WINNT_WIN10_RS1" не задано как макроопределение препроцессора, замена на "0" для "#if/#elif"
C:\Program Files (x86)\Windows Kits\10\Include\10.0.18362.0\um\winioctl.h(10240): warning C4668: "_WIN32_WINNT_WIN10_TH2" не задано как макроопределение препроцессора, замена на "0" для "#if/#elif"
C:\Program Files (x86)\Windows Kits\10\Include\10.0.18362.0\um\winioctl.h(10244): warning C4668: "_WIN32_WINNT_WIN10_TH2" не задано как макроопределение препроцессора, замена на "0" для "#if/#elif"
C:\Program Files (x86)\Windows Kits\10\Include\10.0.18362.0\um\winioctl.h(10251): warning C4668: "_WIN32_WINNT_WIN10_RS2" не задано как макроопределение препроцессора, замена на "0" для "#if/#elif"
C:\Program Files (x86)\Windows Kits\10\Include\10.0.18362.0\um\winioctl.h(10261): warning C4668: "_WIN32_WINNT_WIN10_RS2" не задано как макроопределение препроцессора, замена на "0" для "#if/#elif"
C:\Program Files (x86)\Windows Kits\10\Include\10.0.18362.0\um\winioctl.h(10265): warning C4668: "_WIN32_WINNT_WIN10_TH2" не задано как макроопределение препроцессора, замена на "0" для "#if/#elif"
C:\Program Files (x86)\Windows Kits\10\Include\10.0.18362.0\um\winioctl.h(10270): warning C4668: "_WIN32_WINNT_WIN10_RS3" не задано как макроопределение препроцессора, замена на "0" для "#if/#elif"
C:\Program Files (x86)\Windows Kits\10\Include\10.0.18362.0\um\winioctl.h(10277): warning C4668: "_WIN32_WINNT_WIN10_RS4" не задано как макроопределение препроцессора, замена на "0" для "#if/#elif"
C:\Program Files (x86)\Windows Kits\10\Include\10.0.18362.0\um\winioctl.h(10280): warning C4668: "_WIN32_WINNT_WIN10_RS1" не задано как макроопределение препроцессора, замена на "0" для "#if/#elif"
C:\Program Files (x86)\Windows Kits\10\Include\10.0.18362.0\um\winioctl.h(10283): warning C4668: "_WIN32_WINNT_WIN10_RS4" не задано как макроопределение препроцессора, замена на "0" для "#if/#elif"
C:\Program Files (x86)\Windows Kits\10\Include\10.0.18362.0\um\winioctl.h(10288): warning C4668: "_WIN32_WINNT_WIN10_RS1" не задано как макроопределение препроцессора, замена на "0" для "#if/#elif"
C:\Program Files (x86)\Windows Kits\10\Include\10.0.18362.0\um\winioctl.h(10291): warning C4668: "_WIN32_WINNT_WIN10_RS5" не задано как макроопределение препроцессора, замена на "0" для "#if/#elif"
C:\Program Files (x86)\Windows Kits\10\Include\10.0.18362.0\um\winioctl.h(10486): warning C4668: "_WIN32_WINNT_WIN10_RS2" не задано как макроопределение препроцессора, замена на "0" для "#if/#elif"
C:\Program Files (x86)\Windows Kits\10\Include\10.0.18362.0\um\winioctl.h(10510): warning C4668: "_WIN32_WINNT_WIN10_RS5" не задано как макроопределение препроцессора, замена на "0" для "#if/#elif"
C:\Program Files (x86)\Windows Kits\10\Include\10.0.18362.0\um\winioctl.h(13950): warning C4668: "_WIN32_WINNT_WIN10_RS5" не задано как макроопределение препроцессора, замена на "0" для "#if/#elif"
C:\Program Files (x86)\Windows Kits\10\Include\10.0.18362.0\um\winioctl.h(14134): warning C4668: "_WIN32_WINNT_WIN10_RS5" не задано как макроопределение препроцессора, замена на "0" для "#if/#elif"
C:\Program Files (x86)\Windows Kits\10\Include\10.0.18362.0\um\winioctl.h(14237): warning C4668: "_WIN32_WINNT_WIN10_RS5" не задано как макроопределение препроцессора, замена на "0" для "#if/#elif"
C:\Program Files (x86)\Windows Kits\10\Include\10.0.18362.0\um\winioctl.h(14333): warning C4668: "_WIN32_WINNT_WIN10_RS5" не задано как макроопределение препроцессора, замена на "0" для "#if/#elif"
C:\Program Files (x86)\Windows Kits\10\Include\10.0.18362.0\um\winioctl.h(14437): warning C4668: "_WIN32_WINNT_WIN10_RS5" не задано как макроопределение препроцессора, замена на "0" для "#if/#elif"
C:\Program Files (x86)\Windows Kits\10\Include\10.0.18362.0\um\winioctl.h(15094): warning C4668: "_WIN32_WINNT_WIN10_RS2" не задано как макроопределение препроцессора, замена на "0" для "#if/#elif"
C:\Program Files (x86)\Windows Kits\10\Include\10.0.18362.0\um\winioctl.h(15111): warning C4668: "_WIN32_WINNT_WIN10_RS3" не задано как макроопределение препроцессора, замена на "0" для "#if/#elif"
C:\Program Files (x86)\Windows Kits\10\Include\10.0.18362.0\um\winioctl.h(15128): warning C4668: "_WIN32_WINNT_WIN10_RS3" не задано как макроопределение препроцессора, замена на "0" для "#if/#elif"
C:\Program Files (x86)\Windows Kits\10\Include\10.0.18362.0\um\winioctl.h(15147): warning C4668: "_WIN32_WINNT_WIN10_RS2" не задано как макроопределение препроцессора, замена на "0" для "#if/#elif"
C:\Program Files (x86)\Windows Kits\10\Include\10.0.18362.0\um\winioctl.h(15266): warning C4668: "_WIN32_WINNT_WIN10_RS3" не задано как макроопределение препроцессора, замена на "0" для "#if/#elif"
C:\Program Files (x86)\Windows Kits\10\Include\10.0.18362.0\um\winioctl.h(15416): warning C4668: "_WIN32_WINNT_WIN10_RS4" не задано как макроопределение препроцессора, замена на "0" для "#if/#elif"
C:\Program Files (x86)\Windows Kits\10\Include\10.0.18362.0\um\winioctl.h(15429): warning C4668: "_WIN32_WINNT_WIN10_RS4" не задано как макроопределение препроцессора, замена на "0" для "#if/#elif"
C:\Program Files (x86)\Windows Kits\10\Include\10.0.18362.0\um\winioctl.h(15657): warning C4668: "_WIN32_WINNT_WIN10_RS1" не задано как макроопределение препроцессора, замена на "0" для "#if/#elif"
C:/Users/acer/source/repos/graphic_vs_2019/graphic_vs_2019/kernel.cu(214): warning : variable "_near" was declared but never referenced
  
C:/Users/acer/source/repos/graphic_vs_2019/graphic_vs_2019/kernel.cu(215): warning : variable "t" was declared but never referenced
  
C:\Program Files\NVIDIA GPU Computing Toolkit\CUDA\v11.0\include\crt/host_config.h(104): warning C4668: "__NV_NO_HOST_COMPILER_CHECK" не задано как макроопределение препроцессора, замена на "0" для "#if/#elif"
C:/Users/acer/source/repos/graphic_vs_2019/graphic_vs_2019/kernel.cu(4): warning C4005: __CUDACC__: шчьхэхэшх ьръЁююяЁхфхыхэш
C:\Program Files (x86)\Windows Kits\10\Include\10.0.18362.0\um\winnt.h(329): warning C4668: "_M_HYBRID" не задано как макроопределение препроцессора, замена на "0" для "#if/#elif"
C:\Program Files (x86)\Windows Kits\10\Include\10.0.18362.0\um\winnt.h(337): warning C4668: "_M_HYBRID" не задано как макроопределение препроцессора, замена на "0" для "#if/#elif"
C:\Program Files (x86)\Windows Kits\10\Include\10.0.18362.0\um\winnt.h(13184): warning C4668: "_WIN32_WINNT_WIN10_RS3" не задано как макроопределение препроцессора, замена на "0" для "#if/#elif"
C:\Program Files (x86)\Windows Kits\10\Include\10.0.18362.0\um\winnt.h(13624): warning C4668: "_WIN32_WINNT_WIN10_RS5" не задано как макроопределение препроцессора, замена на "0" для "#if/#elif"
C:\Program Files (x86)\Windows Kits\10\Include\10.0.18362.0\um\winnt.h(13750): warning C4668: "_WIN32_WINNT_WIN10_RS5" не задано как макроопределение препроцессора, замена на "0" для "#if/#elif"
C:\Program Files (x86)\Windows Kits\10\Include\10.0.18362.0\um\minwinbase.h(207): warning C4668: "_WIN32_WINNT_WIN10_RS1" не задано как макроопределение препроцессора, замена на "0" для "#if/#elif"
C:\Program Files (x86)\Windows Kits\10\Include\10.0.18362.0\um\synchapi.h(679): warning C4668: "_NT_TARGET_VERSION_WIN10_RS4" не задано как макроопределение препроцессора, замена на "0" для "#if/#elif"
C:\Program Files (x86)\Windows Kits\10\Include\10.0.18362.0\um\processthreadsapi.h(1022): warning C4668: "_WIN32_WINNT_WIN10_RS3" не задано как макроопределение препроцессора, замена на "0" для "#if/#elif"
C:\Program Files (x86)\Windows Kits\10\Include\10.0.18362.0\um\winbase.h(8616): warning C4668: "_WIN32_WINNT_WIN10_RS1" не задано как макроопределение препроцессора, замена на "0" для "#if/#elif"
C:\Program Files (x86)\Windows Kits\10\Include\10.0.18362.0\um\winbase.h(8621): warning C4668: "_WIN32_WINNT_WIN10_RS3" не задано как макроопределение препроцессора, замена на "0" для "#if/#elif"
C:\Program Files (x86)\Windows Kits\10\Include\10.0.18362.0\um\winbase.h(8626): warning C4668: "_WIN32_WINNT_WIN10_RS1" не задано как макроопределение препроцессора, замена на "0" для "#if/#elif"
C:\Program Files (x86)\Windows Kits\10\Include\10.0.18362.0\um\winbase.h(8673): warning C4668: "_WIN32_WINNT_WIN10_RS1" не задано как макроопределение препроцессора, замена на "0" для "#if/#elif"
C:\Program Files (x86)\Windows Kits\10\Include\10.0.18362.0\um\winbase.h(8679): warning C4668: "_WIN32_WINNT_WIN10_RS5" не задано как макроопределение препроцессора, замена на "0" для "#if/#elif"
C:\Program Files (x86)\Windows Kits\10\Include\10.0.18362.0\um\winbase.h(9073): warning C4668: "NTDDI_WIN7SP1" не задано как макроопределение препроцессора, замена на "0" для "#if/#elif"
C:\Program Files (x86)\Windows Kits\10\Include\10.0.18362.0\um\wincrypt.h(1081): warning C4668: "WINAPI_PARTITION_PHONE_RESTRICTED" не задано как макроопределение препроцессора, замена на "0" для "#if/#elif"
C:\Program Files (x86)\Windows Kits\10\Include\10.0.18362.0\um\wincrypt.h(1127): warning C4668: "WINAPI_PARTITION_PHONE_RESTRICTED" не задано как макроопределение препроцессора, замена на "0" для "#if/#elif"
C:\Program Files (x86)\Windows Kits\10\Include\10.0.18362.0\um\wincrypt.h(1539): warning C4668: "WINAPI_PARTITION_PHONE_RESTRICTED" не задано как макроопределение препроцессора, замена на "0" для "#if/#elif"
C:\Program Files (x86)\Windows Kits\10\Include\10.0.18362.0\um\wincrypt.h(1562): warning C4668: "WINAPI_PARTITION_PHONE_RESTRICTED" не задано как макроопределение препроцессора, замена на "0" для "#if/#elif"
C:\Program Files (x86)\Windows Kits\10\Include\10.0.18362.0\um\wincrypt.h(6001): warning C4668: "WINAPI_PARTITION_PHONE_RESTRICTED" не задано как макроопределение препроцессора, замена на "0" для "#if/#elif"
C:\Program Files (x86)\Windows Kits\10\Include\10.0.18362.0\um\wincrypt.h(6398): warning C4668: "WINAPI_PARTITION_PHONE_RESTRICTED" не задано как макроопределение препроцессора, замена на "0" для "#if/#elif"
C:\Program Files (x86)\Windows Kits\10\Include\10.0.18362.0\um\wincrypt.h(11617): warning C4668: "WINAPI_PARTITION_PHONE_RESTRICTED" не задано как макроопределение препроцессора, замена на "0" для "#if/#elif"
C:\Program Files (x86)\Windows Kits\10\Include\10.0.18362.0\um\wincrypt.h(13136): warning C4668: "WINAPI_PARTITION_PHONE_RESTRICTED" не задано как макроопределение препроцессора, замена на "0" для "#if/#elif"
C:\Program Files (x86)\Windows Kits\10\Include\10.0.18362.0\um\wincrypt.h(13457): warning C4668: "WINAPI_PARTITION_PHONE_RESTRICTED" не задано как макроопределение препроцессора, замена на "0" для "#if/#elif"
C:\Program Files (x86)\Windows Kits\10\Include\10.0.18362.0\um\wincrypt.h(13569): warning C4668: "WINAPI_PARTITION_PHONE_RESTRICTED" не задано как макроопределение препроцессора, замена на "0" для "#if/#elif"
C:\Program Files (x86)\Windows Kits\10\Include\10.0.18362.0\um\wincrypt.h(13711): warning C4668: "WINAPI_PARTITION_PHONE_RESTRICTED" не задано как макроопределение препроцессора, замена на "0" для "#if/#elif"
C:\Program Files (x86)\Windows Kits\10\Include\10.0.18362.0\um\wincrypt.h(13914): warning C4668: "WINAPI_PARTITION_PHONE_RESTRICTED" не задано как макроопределение препроцессора, замена на "0" для "#if/#elif"
C:\Program Files (x86)\Windows Kits\10\Include\10.0.18362.0\um\wincrypt.h(14123): warning C4668: "WINAPI_PARTITION_PHONE_RESTRICTED" не задано как макроопределение препроцессора, замена на "0" для "#if/#elif"
C:\Program Files (x86)\Windows Kits\10\Include\10.0.18362.0\um\wincrypt.h(14193): warning C4668: "WINAPI_PARTITION_PHONE_RESTRICTED" не задано как макроопределение препроцессора, замена на "0" для "#if/#elif"
C:\Program Files (x86)\Windows Kits\10\Include\10.0.18362.0\um\wincrypt.h(14345): warning C4668: "WINAPI_PARTITION_PHONE_RESTRICTED" не задано как макроопределение препроцессора, замена на "0" для "#if/#elif"
C:\Program Files (x86)\Windows Kits\10\Include\10.0.18362.0\um\wincrypt.h(14444): warning C4668: "WINAPI_PARTITION_PHONE_RESTRICTED" не задано как макроопределение препроцессора, замена на "0" для "#if/#elif"
C:\Program Files (x86)\Windows Kits\10\Include\10.0.18362.0\um\wincrypt.h(14593): warning C4668: "WINAPI_PARTITION_PHONE_RESTRICTED" не задано как макроопределение препроцессора, замена на "0" для "#if/#elif"
C:\Program Files (x86)\Windows Kits\10\Include\10.0.18362.0\um\wincrypt.h(14737): warning C4668: "WINAPI_PARTITION_PHONE_RESTRICTED" не задано как макроопределение препроцессора, замена на "0" для "#if/#elif"
C:\Program Files (x86)\Windows Kits\10\Include\10.0.18362.0\um\wincrypt.h(15056): warning C4668: "WINAPI_PARTITION_PHONE_RESTRICTED" не задано как макроопределение препроцессора, замена на "0" для "#if/#elif"
C:\Program Files (x86)\Windows Kits\10\Include\10.0.18362.0\um\wincrypt.h(15172): warning C4668: "WINAPI_PARTITION_PHONE_RESTRICTED" не задано как макроопределение препроцессора, замена на "0" для "#if/#elif"
C:\Program Files (x86)\Windows Kits\10\Include\10.0.18362.0\um\wincrypt.h(15299): warning C4668: "WINAPI_PARTITION_PHONE_RESTRICTED" не задано как макроопределение препроцессора, замена на "0" для "#if/#elif"
C:\Program Files (x86)\Windows Kits\10\Include\10.0.18362.0\um\wincrypt.h(16192): warning C4668: "WINAPI_PARTITION_PHONE_RESTRICTED" не задано как макроопределение препроцессора, замена на "0" для "#if/#elif"
C:\Program Files (x86)\Windows Kits\10\Include\10.0.18362.0\um\wincrypt.h(16646): warning C4668: "WINAPI_PARTITION_PHONE_RESTRICTED" не задано как макроопределение препроцессора, замена на "0" для "#if/#elif"
C:\Program Files (x86)\Windows Kits\10\Include\10.0.18362.0\um\wincrypt.h(16996): warning C4668: "WINAPI_PARTITION_PHONE_RESTRICTED" не задано как макроопределение препроцессора, замена на "0" для "#if/#elif"
C:\Program Files (x86)\Windows Kits\10\Include\10.0.18362.0\um\wincrypt.h(17499): warning C4668: "WINAPI_PARTITION_PHONE_RESTRICTED" не задано как макроопределение препроцессора, замена на "0" для "#if/#elif"
C:\Program Files (x86)\Windows Kits\10\Include\10.0.18362.0\um\wincrypt.h(17584): warning C4668: "WINAPI_PARTITION_PHONE_RESTRICTED" не задано как макроопределение препроцессора, замена на "0" для "#if/#elif"
C:\Program Files (x86)\Windows Kits\10\Include\10.0.18362.0\um\wincrypt.h(17632): warning C4668: "WINAPI_PARTITION_PHONE_RESTRICTED" не задано как макроопределение препроцессора, замена на "0" для "#if/#elif"
C:\Program Files (x86)\Windows Kits\10\Include\10.0.18362.0\um\wincrypt.h(17806): warning C4668: "WINAPI_PARTITION_PHONE_RESTRICTED" не задано как макроопределение препроцессора, замена на "0" для "#if/#elif"
C:\Program Files (x86)\Windows Kits\10\Include\10.0.18362.0\um\wincrypt.h(18014): warning C4668: "WINAPI_PARTITION_PHONE_RESTRICTED" не задано как макроопределение препроцессора, замена на "0" для "#if/#elif"
C:\Program Files (x86)\Windows Kits\10\Include\10.0.18362.0\um\wincrypt.h(19809): warning C4668: "WINAPI_PARTITION_PHONE_RESTRICTED" не задано как макроопределение препроцессора, замена на "0" для "#if/#elif"
C:\Program Files (x86)\Windows Kits\10\Include\10.0.18362.0\um\wincrypt.h(20908): warning C4668: "WINAPI_PARTITION_PHONE_RESTRICTED" не задано как макроопределение препроцессора, замена на "0" для "#if/#elif"
C:\Program Files (x86)\Windows Kits\10\Include\10.0.18362.0\um\wincrypt.h(21538): warning C4668: "WINAPI_PARTITION_PHONE_RESTRICTED" не задано как макроопределение препроцессора, замена на "0" для "#if/#elif"
C:\Program Files (x86)\Windows Kits\10\Include\10.0.18362.0\um\winioctl.h(10229): warning C4668: "_WIN32_WINNT_WIN10_TH2" не задано как макроопределение препроцессора, замена на "0" для "#if/#elif"
C:\Program Files (x86)\Windows Kits\10\Include\10.0.18362.0\um\winioctl.h(10235): warning C4668: "_WIN32_WINNT_WIN10_RS1" не задано как макроопределение препроцессора, замена на "0" для "#if/#elif"
C:\Program Files (x86)\Windows Kits\10\Include\10.0.18362.0\um\winioctl.h(10240): warning C4668: "_WIN32_WINNT_WIN10_TH2" не задано как макроопределение препроцессора, замена на "0" для "#if/#elif"
C:\Program Files (x86)\Windows Kits\10\Include\10.0.18362.0\um\winioctl.h(10244): warning C4668: "_WIN32_WINNT_WIN10_TH2" не задано как макроопределение препроцессора, замена на "0" для "#if/#elif"
C:\Program Files (x86)\Windows Kits\10\Include\10.0.18362.0\um\winioctl.h(10251): warning C4668: "_WIN32_WINNT_WIN10_RS2" не задано как макроопределение препроцессора, замена на "0" для "#if/#elif"
C:\Program Files (x86)\Windows Kits\10\Include\10.0.18362.0\um\winioctl.h(10261): warning C4668: "_WIN32_WINNT_WIN10_RS2" не задано как макроопределение препроцессора, замена на "0" для "#if/#elif"
C:\Program Files (x86)\Windows Kits\10\Include\10.0.18362.0\um\winioctl.h(10265): warning C4668: "_WIN32_WINNT_WIN10_TH2" не задано как макроопределение препроцессора, замена на "0" для "#if/#elif"
C:\Program Files (x86)\Windows Kits\10\Include\10.0.18362.0\um\winioctl.h(10270): warning C4668: "_WIN32_WINNT_WIN10_RS3" не задано как макроопределение препроцессора, замена на "0" для "#if/#elif"
C:\Program Files (x86)\Windows Kits\10\Include\10.0.18362.0\um\winioctl.h(10277): warning C4668: "_WIN32_WINNT_WIN10_RS4" не задано как макроопределение препроцессора, замена на "0" для "#if/#elif"
C:\Program Files (x86)\Windows Kits\10\Include\10.0.18362.0\um\winioctl.h(10280): warning C4668: "_WIN32_WINNT_WIN10_RS1" не задано как макроопределение препроцессора, замена на "0" для "#if/#elif"
C:\Program Files (x86)\Windows Kits\10\Include\10.0.18362.0\um\winioctl.h(10283): warning C4668: "_WIN32_WINNT_WIN10_RS4" не задано как макроопределение препроцессора, замена на "0" для "#if/#elif"
C:\Program Files (x86)\Windows Kits\10\Include\10.0.18362.0\um\winioctl.h(10288): warning C4668: "_WIN32_WINNT_WIN10_RS1" не задано как макроопределение препроцессора, замена на "0" для "#if/#elif"
C:\Program Files (x86)\Windows Kits\10\Include\10.0.18362.0\um\winioctl.h(10291): warning C4668: "_WIN32_WINNT_WIN10_RS5" не задано как макроопределение препроцессора, замена на "0" для "#if/#elif"
C:\Program Files (x86)\Windows Kits\10\Include\10.0.18362.0\um\winioctl.h(10486): warning C4668: "_WIN32_WINNT_WIN10_RS2" не задано как макроопределение препроцессора, замена на "0" для "#if/#elif"
C:\Program Files (x86)\Windows Kits\10\Include\10.0.18362.0\um\winioctl.h(10510): warning C4668: "_WIN32_WINNT_WIN10_RS5" не задано как макроопределение препроцессора, замена на "0" для "#if/#elif"
C:\Program Files (x86)\Windows Kits\10\Include\10.0.18362.0\um\winioctl.h(13950): warning C4668: "_WIN32_WINNT_WIN10_RS5" не задано как макроопределение препроцессора, замена на "0" для "#if/#elif"
C:\Program Files (x86)\Windows Kits\10\Include\10.0.18362.0\um\winioctl.h(14134): warning C4668: "_WIN32_WINNT_WIN10_RS5" не задано как макроопределение препроцессора, замена на "0" для "#if/#elif"
C:\Program Files (x86)\Windows Kits\10\Include\10.0.18362.0\um\winioctl.h(14237): warning C4668: "_WIN32_WINNT_WIN10_RS5" не задано как макроопределение препроцессора, замена на "0" для "#if/#elif"
C:\Program Files (x86)\Windows Kits\10\Include\10.0.18362.0\um\winioctl.h(14333): warning C4668: "_WIN32_WINNT_WIN10_RS5" не задано как макроопределение препроцессора, замена на "0" для "#if/#elif"
C:\Program Files (x86)\Windows Kits\10\Include\10.0.18362.0\um\winioctl.h(14437): warning C4668: "_WIN32_WINNT_WIN10_RS5" не задано как макроопределение препроцессора, замена на "0" для "#if/#elif"
C:\Program Files (x86)\Windows Kits\10\Include\10.0.18362.0\um\winioctl.h(15094): warning C4668: "_WIN32_WINNT_WIN10_RS2" не задано как макроопределение препроцессора, замена на "0" для "#if/#elif"
C:\Program Files (x86)\Windows Kits\10\Include\10.0.18362.0\um\winioctl.h(15111): warning C4668: "_WIN32_WINNT_WIN10_RS3" не задано как макроопределение препроцессора, замена на "0" для "#if/#elif"
C:\Program Files (x86)\Windows Kits\10\Include\10.0.18362.0\um\winioctl.h(15128): warning C4668: "_WIN32_WINNT_WIN10_RS3" не задано как макроопределение препроцессора, замена на "0" для "#if/#elif"
C:\Program Files (x86)\Windows Kits\10\Include\10.0.18362.0\um\winioctl.h(15147): warning C4668: "_WIN32_WINNT_WIN10_RS2" не задано как макроопределение препроцессора, замена на "0" для "#if/#elif"
C:\Program Files (x86)\Windows Kits\10\Include\10.0.18362.0\um\winioctl.h(15266): warning C4668: "_WIN32_WINNT_WIN10_RS3" не задано как макроопределение препроцессора, замена на "0" для "#if/#elif"
C:\Program Files (x86)\Windows Kits\10\Include\10.0.18362.0\um\winioctl.h(15416): warning C4668: "_WIN32_WINNT_WIN10_RS4" не задано как макроопределение препроцессора, замена на "0" для "#if/#elif"
C:\Program Files (x86)\Windows Kits\10\Include\10.0.18362.0\um\winioctl.h(15429): warning C4668: "_WIN32_WINNT_WIN10_RS4" не задано как макроопределение препроцессора, замена на "0" для "#if/#elif"
C:\Program Files (x86)\Windows Kits\10\Include\10.0.18362.0\um\winioctl.h(15657): warning C4668: "_WIN32_WINNT_WIN10_RS1" не задано как макроопределение препроцессора, замена на "0" для "#if/#elif"
  kernel.cu
  math_functions.h is an internal header file and must not be used directly.  This file will be removed in a future CUDA release.  Please use cuda_runtime_api.h or cuda_runtime.h instead.
C:\Program Files (x86)\Windows Kits\10\Include\10.0.18362.0\um\winnt.h(22588): warning C4555: результат выражения не используется
C:\Program Files (x86)\Windows Kits\10\Include\10.0.18362.0\um\winbase.h(7464): warning C5039: "TpSetCallbackCleanupGroup": в функцию extern "C" с параметром -EHc были переданы указатель или ссылка на функцию, которая может вызвать исключение. Если эта функция вызовет исключение, может возникнуть неопределенное поведение.
C:/Users/acer/source/repos/graphic_vs_2019/graphic_vs_2019/kernel.cu(120): warning C4820: Material: "12"-байтовые поля добавлены после данные-член "Material::spectral_exp"
C:/Users/acer/source/repos/graphic_vs_2019/graphic_vs_2019/kernel.cu(127): warning C4820: Sphere: "4"-байтовые поля добавлены после данные-член "Sphere::pos"
C:/Users/acer/source/repos/graphic_vs_2019/graphic_vs_2019/kernel.cu(134): warning C4820: intersect_t: "3"-байтовые поля добавлены после данные-член "intersect_t::first"
C:\Users\acer\AppData\Local\Temp\tmpxft_000073e4_00000000-7_kernel.cudafe1.stub.c(6): warning C5039: "__cudaRegisterFunction": в функцию extern "C" с параметром -EHc были переданы указатель или ссылка на функцию, которая может вызвать исключение. Если эта функция вызовет исключение, может возникнуть неопределенное поведение.
C:\Users\acer\AppData\Local\Temp\tmpxft_000073e4_00000000-7_kernel.cudafe1.stub.c(10): warning C5039: "atexit": в функцию extern "C" с параметром -EHc были переданы указатель или ссылка на функцию, которая может вызвать исключение. Если эта функция вызовет исключение, может возникнуть неопределенное поведение.
  graphic_vs_2019.vcxproj -> C:\Users\acer\source\repos\graphic_vs_2019\x64\Debug\graphic_vs_2019.exe
